[debug] [2023-11-03T14:20:54.094Z] ----------------------------------------------------------------------
[debug] [2023-11-03T14:20:54.097Z] Command:       C:\Program Files\nodejs\node.exe C:\Users\yandisa_madinga\AppData\Roaming\npm\node_modules\firebase-tools\lib\bin\firebase.js init
[debug] [2023-11-03T14:20:54.097Z] CLI Version:   12.8.0
[debug] [2023-11-03T14:20:54.097Z] Platform:      win32
[debug] [2023-11-03T14:20:54.097Z] Node Version:  v20.2.0
[debug] [2023-11-03T14:20:54.097Z] Time:          Fri Nov 03 2023 16:20:54 GMT+0200 (South Africa Standard Time)
[debug] [2023-11-03T14:20:54.098Z] ----------------------------------------------------------------------
[debug] 
[debug] [2023-11-03T14:20:54.163Z] > command requires scopes: ["email","openid","https://www.googleapis.com/auth/cloudplatformprojects.readonly","https://www.googleapis.com/auth/firebase","https://www.googleapis.com/auth/cloud-platform"]
[debug] [2023-11-03T14:20:54.163Z] > authorizing via signed-in user (madingayandisa@gmail.com)
[info] 
     ######## #### ########  ######## ########     ###     ######  ########
     ##        ##  ##     ## ##       ##     ##  ##   ##  ##       ##
     ######    ##  ########  ######   ########  #########  ######  ######
     ##        ##  ##    ##  ##       ##     ## ##     ##       ## ##
     ##       #### ##     ## ######## ########  ##     ##  ######  ########

You're about to initialize a Firebase project in this directory:

  C:\Users\yandisa_madinga\Desktop\My stuuf\Yaya\Snake

Before we get started, keep in mind:

  * You are initializing within an existing Firebase project directory

